{"C:\\Users\\mauda\\OneDrive\\Documentos\\codemdp\\node\\Proyecto_node\\app.js": {"path":"C:\\Users\\mauda\\OneDrive\\Documentos\\codemdp\\node\\Proyecto_node\\app.js","statementMap":{"0":{"start":{"line":1,"column":0},"end":{"line":1,"column":26}},"1":{"start":{"line":2,"column":16},"end":{"line":2,"column":34}},"2":{"start":{"line":3,"column":13},"end":{"line":3,"column":28}},"3":{"start":{"line":4,"column":12},"end":{"line":4,"column":21}},"4":{"start":{"line":5,"column":19},"end":{"line":5,"column":41}},"5":{"start":{"line":6,"column":21},"end":{"line":6,"column":52}},"6":{"start":{"line":7,"column":27},"end":{"line":7,"column":52}},"7":{"start":{"line":8,"column":22},"end":{"line":8,"column":47}},"8":{"start":{"line":9,"column":18},"end":{"line":9,"column":47}},"9":{"start":{"line":10,"column":29},"end":{"line":10,"column":54}},"10":{"start":{"line":14,"column":18},"end":{"line":14,"column":39}},"11":{"start":{"line":15,"column":17},"end":{"line":15,"column":56}},"12":{"start":{"line":17,"column":0},"end":{"line":17,"column":15}},"13":{"start":{"line":18,"column":0},"end":{"line":18,"column":23}},"14":{"start":{"line":19,"column":0},"end":{"line":19,"column":34}},"15":{"start":{"line":22,"column":0},"end":{"line":29,"column":2}},"16":{"start":{"line":26,"column":8},"end":{"line":26,"column":35}},"17":{"start":{"line":31,"column":14},"end":{"line":31,"column":38}},"18":{"start":{"line":36,"column":0},"end":{"line":36,"column":81}},"19":{"start":{"line":41,"column":0},"end":{"line":41,"column":36}},"20":{"start":{"line":43,"column":0},"end":{"line":45,"column":1}},"21":{"start":{"line":44,"column":4},"end":{"line":44,"column":21}},"22":{"start":{"line":47,"column":0},"end":{"line":47,"column":61}},"23":{"start":{"line":49,"column":0},"end":{"line":49,"column":21}}},"fnMap":{"0":{"name":"(anonymous_0)","decl":{"start":{"line":25,"column":10},"end":{"line":25,"column":11}},"loc":{"start":{"line":25,"column":28},"end":{"line":27,"column":5}},"line":25}},"branchMap":{"0":{"loc":{"start":{"line":15,"column":17},"end":{"line":15,"column":56}},"type":"binary-expr","locations":[{"start":{"line":15,"column":17},"end":{"line":15,"column":37}},{"start":{"line":15,"column":41},"end":{"line":15,"column":56}}],"line":15},"1":{"loc":{"start":{"line":31,"column":14},"end":{"line":31,"column":38}},"type":"binary-expr","locations":[{"start":{"line":31,"column":14},"end":{"line":31,"column":30}},{"start":{"line":31,"column":34},"end":{"line":31,"column":38}}],"line":31},"2":{"loc":{"start":{"line":43,"column":0},"end":{"line":45,"column":1}},"type":"if","locations":[{"start":{"line":43,"column":0},"end":{"line":45,"column":1}},{"start":{},"end":{}}],"line":43},"3":{"loc":{"start":{"line":47,"column":0},"end":{"line":47,"column":60}},"type":"cond-expr","locations":[{"start":{"line":47,"column":26},"end":{"line":47,"column":41}},{"start":{"line":47,"column":44},"end":{"line":47,"column":60}}],"line":47}},"s":{"0":3,"1":3,"2":3,"3":3,"4":3,"5":3,"6":3,"7":3,"8":3,"9":3,"10":3,"11":3,"12":3,"13":3,"14":3,"15":3,"16":48,"17":3,"18":3,"19":3,"20":3,"21":0,"22":3,"23":3},"f":{"0":48},"b":{"0":[3,0],"1":[3,0],"2":[0,3],"3":[3,0]},"_coverageSchema":"1a1c01bbd47fc00a2c39e90264f33305004495a9","hash":"e2e5670f78080969a118591b2cd3253ff35206f1"}
,"C:\\Users\\mauda\\OneDrive\\Documentos\\codemdp\\node\\Proyecto_node\\config\\mongo.js": {"path":"C:\\Users\\mauda\\OneDrive\\Documentos\\codemdp\\node\\Proyecto_node\\config\\mongo.js","statementMap":{"0":{"start":{"line":1,"column":17},"end":{"line":1,"column":36}},"1":{"start":{"line":3,"column":17},"end":{"line":3,"column":37}},"2":{"start":{"line":5,"column":18},"end":{"line":19,"column":1}},"3":{"start":{"line":6,"column":19},"end":{"line":6,"column":86}},"4":{"start":{"line":7,"column":4},"end":{"line":10,"column":7}},"5":{"start":{"line":12,"column":4},"end":{"line":14,"column":7}},"6":{"start":{"line":13,"column":8},"end":{"line":13,"column":45}},"7":{"start":{"line":16,"column":4},"end":{"line":18,"column":7}},"8":{"start":{"line":17,"column":8},"end":{"line":17,"column":50}},"9":{"start":{"line":21,"column":0},"end":{"line":21,"column":27}}},"fnMap":{"0":{"name":"(anonymous_0)","decl":{"start":{"line":5,"column":18},"end":{"line":5,"column":19}},"loc":{"start":{"line":5,"column":24},"end":{"line":19,"column":1}},"line":5},"1":{"name":"(anonymous_1)","decl":{"start":{"line":12,"column":40},"end":{"line":12,"column":41}},"loc":{"start":{"line":12,"column":46},"end":{"line":14,"column":5}},"line":12},"2":{"name":"(anonymous_2)","decl":{"start":{"line":16,"column":36},"end":{"line":16,"column":37}},"loc":{"start":{"line":16,"column":45},"end":{"line":18,"column":5}},"line":16}},"branchMap":{"0":{"loc":{"start":{"line":6,"column":19},"end":{"line":6,"column":86}},"type":"cond-expr","locations":[{"start":{"line":6,"column":42},"end":{"line":6,"column":65}},{"start":{"line":6,"column":68},"end":{"line":6,"column":86}}],"line":6}},"s":{"0":3,"1":3,"2":3,"3":3,"4":3,"5":3,"6":3,"7":3,"8":0,"9":3},"f":{"0":3,"1":3,"2":0},"b":{"0":[3,0]},"_coverageSchema":"1a1c01bbd47fc00a2c39e90264f33305004495a9","hash":"0c999a03157ceb5f58b403a9d1562f37e79a327a"}
,"C:\\Users\\mauda\\OneDrive\\Documentos\\codemdp\\node\\Proyecto_node\\config\\mysql.js": {"path":"C:\\Users\\mauda\\OneDrive\\Documentos\\codemdp\\node\\Proyecto_node\\config\\mysql.js","statementMap":{"0":{"start":{"line":1,"column":22},"end":{"line":1,"column":42}},"1":{"start":{"line":3,"column":17},"end":{"line":3,"column":43}},"2":{"start":{"line":4,"column":17},"end":{"line":4,"column":39}},"3":{"start":{"line":5,"column":17},"end":{"line":5,"column":43}},"4":{"start":{"line":6,"column":13},"end":{"line":6,"column":35}},"5":{"start":{"line":8,"column":18},"end":{"line":16,"column":1}},"6":{"start":{"line":18,"column":23},"end":{"line":25,"column":1}},"7":{"start":{"line":19,"column":4},"end":{"line":24,"column":5}},"8":{"start":{"line":20,"column":8},"end":{"line":20,"column":39}},"9":{"start":{"line":21,"column":8},"end":{"line":21,"column":47}},"10":{"start":{"line":23,"column":8},"end":{"line":23,"column":50}},"11":{"start":{"line":27,"column":0},"end":{"line":27,"column":44}}},"fnMap":{"0":{"name":"(anonymous_0)","decl":{"start":{"line":18,"column":23},"end":{"line":18,"column":24}},"loc":{"start":{"line":18,"column":35},"end":{"line":25,"column":1}},"line":18}},"branchMap":{},"s":{"0":3,"1":3,"2":3,"3":3,"4":3,"5":3,"6":3,"7":0,"8":0,"9":0,"10":0,"11":3},"f":{"0":0},"b":{},"_coverageSchema":"1a1c01bbd47fc00a2c39e90264f33305004495a9","hash":"1b5c219b7ca39bc5a36b621d5e680de3c96c8be5"}
,"C:\\Users\\mauda\\OneDrive\\Documentos\\codemdp\\node\\Proyecto_node\\controllers\\auth.js": {"path":"C:\\Users\\mauda\\OneDrive\\Documentos\\codemdp\\node\\Proyecto_node\\controllers\\auth.js","statementMap":{"0":{"start":{"line":1,"column":24},"end":{"line":1,"column":52}},"1":{"start":{"line":2,"column":45},"end":{"line":2,"column":79}},"2":{"start":{"line":3,"column":23},"end":{"line":3,"column":43}},"3":{"start":{"line":4,"column":22},"end":{"line":4,"column":51}},"4":{"start":{"line":5,"column":28},"end":{"line":5,"column":59}},"5":{"start":{"line":6,"column":20},"end":{"line":6,"column":39}},"6":{"start":{"line":8,"column":21},"end":{"line":24,"column":1}},"7":{"start":{"line":9,"column":4},"end":{"line":23,"column":5}},"8":{"start":{"line":9,"column":9},"end":{"line":9,"column":32}},"9":{"start":{"line":10,"column":21},"end":{"line":10,"column":56}},"10":{"start":{"line":11,"column":17},"end":{"line":11,"column":35}},"11":{"start":{"line":12,"column":21},"end":{"line":12,"column":50}},"12":{"start":{"line":13,"column":4},"end":{"line":13,"column":59}},"13":{"start":{"line":15,"column":17},"end":{"line":18,"column":5}},"14":{"start":{"line":19,"column":4},"end":{"line":19,"column":19}},"15":{"start":{"line":20,"column":4},"end":{"line":20,"column":21}},"16":{"start":{"line":22,"column":4},"end":{"line":22,"column":56}},"17":{"start":{"line":26,"column":18},"end":{"line":56,"column":1}},"18":{"start":{"line":27,"column":4},"end":{"line":55,"column":5}},"19":{"start":{"line":28,"column":8},"end":{"line":28,"column":32}},"20":{"start":{"line":29,"column":21},"end":{"line":29,"column":103}},"21":{"start":{"line":30,"column":8},"end":{"line":33,"column":9}},"22":{"start":{"line":31,"column":12},"end":{"line":31,"column":58}},"23":{"start":{"line":32,"column":12},"end":{"line":32,"column":18}},"24":{"start":{"line":35,"column":29},"end":{"line":35,"column":49}},"25":{"start":{"line":37,"column":22},"end":{"line":37,"column":63}},"26":{"start":{"line":39,"column":8},"end":{"line":42,"column":9}},"27":{"start":{"line":40,"column":12},"end":{"line":40,"column":59}},"28":{"start":{"line":41,"column":12},"end":{"line":41,"column":18}},"29":{"start":{"line":44,"column":8},"end":{"line":44,"column":55}},"30":{"start":{"line":45,"column":21},"end":{"line":48,"column":9}},"31":{"start":{"line":49,"column":8},"end":{"line":49,"column":23}},"32":{"start":{"line":50,"column":8},"end":{"line":50,"column":24}},"33":{"start":{"line":53,"column":8},"end":{"line":53,"column":57}},"34":{"start":{"line":54,"column":8},"end":{"line":54,"column":14}},"35":{"start":{"line":58,"column":0},"end":{"line":58,"column":43}}},"fnMap":{"0":{"name":"(anonymous_0)","decl":{"start":{"line":8,"column":21},"end":{"line":8,"column":22}},"loc":{"start":{"line":8,"column":41},"end":{"line":24,"column":1}},"line":8},"1":{"name":"(anonymous_1)","decl":{"start":{"line":26,"column":18},"end":{"line":26,"column":19}},"loc":{"start":{"line":26,"column":38},"end":{"line":56,"column":1}},"line":26}},"branchMap":{"0":{"loc":{"start":{"line":30,"column":8},"end":{"line":33,"column":9}},"type":"if","locations":[{"start":{"line":30,"column":8},"end":{"line":33,"column":9}},{"start":{},"end":{}}],"line":30},"1":{"loc":{"start":{"line":39,"column":8},"end":{"line":42,"column":9}},"type":"if","locations":[{"start":{"line":39,"column":8},"end":{"line":42,"column":9}},{"start":{},"end":{}}],"line":39}},"s":{"0":3,"1":3,"2":3,"3":3,"4":3,"5":3,"6":3,"7":1,"8":1,"9":1,"10":1,"11":1,"12":1,"13":1,"14":1,"15":1,"16":0,"17":3,"18":3,"19":3,"20":3,"21":3,"22":1,"23":1,"24":2,"25":2,"26":2,"27":1,"28":1,"29":1,"30":1,"31":1,"32":1,"33":0,"34":0,"35":3},"f":{"0":1,"1":3},"b":{"0":[1,2],"1":[1,1]},"_coverageSchema":"1a1c01bbd47fc00a2c39e90264f33305004495a9","hash":"d83d2fb69d1576c035f821a6c3f2b467011f3d40"}
,"C:\\Users\\mauda\\OneDrive\\Documentos\\codemdp\\node\\Proyecto_node\\controllers\\storage.js": {"path":"C:\\Users\\mauda\\OneDrive\\Documentos\\codemdp\\node\\Proyecto_node\\controllers\\storage.js","statementMap":{"0":{"start":{"line":1,"column":11},"end":{"line":1,"column":25}},"1":{"start":{"line":2,"column":23},"end":{"line":2,"column":51}},"2":{"start":{"line":3,"column":23},"end":{"line":3,"column":44}},"3":{"start":{"line":4,"column":24},"end":{"line":4,"column":55}},"4":{"start":{"line":6,"column":19},"end":{"line":6,"column":41}},"5":{"start":{"line":7,"column":19},"end":{"line":7,"column":44}},"6":{"start":{"line":14,"column":17},"end":{"line":22,"column":1}},"7":{"start":{"line":15,"column":4},"end":{"line":21,"column":5}},"8":{"start":{"line":16,"column":21},"end":{"line":16,"column":48}},"9":{"start":{"line":17,"column":8},"end":{"line":17,"column":27}},"10":{"start":{"line":19,"column":8},"end":{"line":19,"column":66}},"11":{"start":{"line":20,"column":8},"end":{"line":20,"column":14}},"12":{"start":{"line":29,"column":16},"end":{"line":37,"column":1}},"13":{"start":{"line":30,"column":4},"end":{"line":36,"column":5}},"14":{"start":{"line":31,"column":23},"end":{"line":31,"column":39}},"15":{"start":{"line":32,"column":21},"end":{"line":32,"column":52}},"16":{"start":{"line":33,"column":8},"end":{"line":33,"column":27}},"17":{"start":{"line":35,"column":8},"end":{"line":35,"column":60}},"18":{"start":{"line":44,"column":20},"end":{"line":57,"column":1}},"19":{"start":{"line":45,"column":4},"end":{"line":56,"column":5}},"20":{"start":{"line":46,"column":25},"end":{"line":46,"column":28}},"21":{"start":{"line":47,"column":25},"end":{"line":50,"column":9}},"22":{"start":{"line":51,"column":21},"end":{"line":51,"column":56}},"23":{"start":{"line":52,"column":8},"end":{"line":52,"column":24}},"24":{"start":{"line":54,"column":8},"end":{"line":54,"column":58}},"25":{"start":{"line":55,"column":8},"end":{"line":55,"column":14}},"26":{"start":{"line":64,"column":20},"end":{"line":83,"column":1}},"27":{"start":{"line":65,"column":4},"end":{"line":81,"column":5}},"28":{"start":{"line":66,"column":23},"end":{"line":66,"column":39}},"29":{"start":{"line":67,"column":25},"end":{"line":67,"column":56}},"30":{"start":{"line":68,"column":8},"end":{"line":68,"column":43}},"31":{"start":{"line":69,"column":27},"end":{"line":69,"column":35}},"32":{"start":{"line":70,"column":25},"end":{"line":70,"column":52}},"33":{"start":{"line":73,"column":21},"end":{"line":76,"column":9}},"34":{"start":{"line":78,"column":8},"end":{"line":78,"column":27}},"35":{"start":{"line":80,"column":8},"end":{"line":80,"column":60}},"36":{"start":{"line":85,"column":0},"end":{"line":85,"column":63}}},"fnMap":{"0":{"name":"(anonymous_0)","decl":{"start":{"line":14,"column":17},"end":{"line":14,"column":18}},"loc":{"start":{"line":14,"column":37},"end":{"line":22,"column":1}},"line":14},"1":{"name":"(anonymous_1)","decl":{"start":{"line":29,"column":16},"end":{"line":29,"column":17}},"loc":{"start":{"line":29,"column":36},"end":{"line":37,"column":1}},"line":29},"2":{"name":"(anonymous_2)","decl":{"start":{"line":44,"column":20},"end":{"line":44,"column":21}},"loc":{"start":{"line":44,"column":40},"end":{"line":57,"column":1}},"line":44},"3":{"name":"(anonymous_3)","decl":{"start":{"line":64,"column":20},"end":{"line":64,"column":21}},"loc":{"start":{"line":64,"column":40},"end":{"line":83,"column":1}},"line":64}},"branchMap":{},"s":{"0":3,"1":3,"2":3,"3":3,"4":3,"5":3,"6":3,"7":1,"8":1,"9":1,"10":0,"11":0,"12":3,"13":1,"14":1,"15":1,"16":1,"17":0,"18":3,"19":1,"20":1,"21":1,"22":1,"23":1,"24":0,"25":0,"26":3,"27":1,"28":1,"29":1,"30":1,"31":1,"32":1,"33":1,"34":1,"35":0,"36":3},"f":{"0":1,"1":1,"2":1,"3":1},"b":{},"_coverageSchema":"1a1c01bbd47fc00a2c39e90264f33305004495a9","hash":"4213573699847862a677e7e16725ca7f2c8a8286"}
,"C:\\Users\\mauda\\OneDrive\\Documentos\\codemdp\\node\\Proyecto_node\\controllers\\tracks.js": {"path":"C:\\Users\\mauda\\OneDrive\\Documentos\\codemdp\\node\\Proyecto_node\\controllers\\tracks.js","statementMap":{"0":{"start":{"line":1,"column":30},"end":{"line":1,"column":58}},"1":{"start":{"line":2,"column":22},"end":{"line":2,"column":43}},"2":{"start":{"line":3,"column":24},"end":{"line":3,"column":55}},"3":{"start":{"line":10,"column":17},"end":{"line":18,"column":1}},"4":{"start":{"line":11,"column":4},"end":{"line":17,"column":5}},"5":{"start":{"line":12,"column":21},"end":{"line":12,"column":29}},"6":{"start":{"line":13,"column":21},"end":{"line":13,"column":54}},"7":{"start":{"line":14,"column":8},"end":{"line":14,"column":33}},"8":{"start":{"line":16,"column":8},"end":{"line":16,"column":50}},"9":{"start":{"line":25,"column":16},"end":{"line":36,"column":1}},"10":{"start":{"line":26,"column":4},"end":{"line":34,"column":5}},"11":{"start":{"line":27,"column":21},"end":{"line":27,"column":29}},"12":{"start":{"line":28,"column":8},"end":{"line":28,"column":31}},"13":{"start":{"line":29,"column":21},"end":{"line":29,"column":24}},"14":{"start":{"line":30,"column":21},"end":{"line":30,"column":54}},"15":{"start":{"line":31,"column":8},"end":{"line":31,"column":33}},"16":{"start":{"line":33,"column":8},"end":{"line":33,"column":49}},"17":{"start":{"line":43,"column":20},"end":{"line":53,"column":1}},"18":{"start":{"line":44,"column":4},"end":{"line":52,"column":5}},"19":{"start":{"line":45,"column":21},"end":{"line":45,"column":29}},"20":{"start":{"line":46,"column":21},"end":{"line":46,"column":29}},"21":{"start":{"line":48,"column":21},"end":{"line":48,"column":51}},"22":{"start":{"line":49,"column":8},"end":{"line":49,"column":30}},"23":{"start":{"line":51,"column":8},"end":{"line":51,"column":53}},"24":{"start":{"line":60,"column":20},"end":{"line":71,"column":1}},"25":{"start":{"line":61,"column":4},"end":{"line":70,"column":5}},"26":{"start":{"line":62,"column":21},"end":{"line":62,"column":29}},"27":{"start":{"line":63,"column":30},"end":{"line":63,"column":46}},"28":{"start":{"line":64,"column":21},"end":{"line":66,"column":9}},"29":{"start":{"line":67,"column":8},"end":{"line":67,"column":31}},"30":{"start":{"line":69,"column":8},"end":{"line":69,"column":53}},"31":{"start":{"line":78,"column":20},"end":{"line":90,"column":1}},"32":{"start":{"line":79,"column":4},"end":{"line":88,"column":5}},"33":{"start":{"line":80,"column":21},"end":{"line":80,"column":29}},"34":{"start":{"line":81,"column":8},"end":{"line":81,"column":31}},"35":{"start":{"line":82,"column":21},"end":{"line":82,"column":24}},"36":{"start":{"line":83,"column":21},"end":{"line":83,"column":55}},"37":{"start":{"line":84,"column":8},"end":{"line":84,"column":33}},"38":{"start":{"line":86,"column":8},"end":{"line":86,"column":22}},"39":{"start":{"line":87,"column":8},"end":{"line":87,"column":53}},"40":{"start":{"line":92,"column":0},"end":{"line":92,"column":76}}},"fnMap":{"0":{"name":"(anonymous_0)","decl":{"start":{"line":10,"column":17},"end":{"line":10,"column":18}},"loc":{"start":{"line":10,"column":37},"end":{"line":18,"column":1}},"line":10},"1":{"name":"(anonymous_1)","decl":{"start":{"line":25,"column":16},"end":{"line":25,"column":17}},"loc":{"start":{"line":25,"column":36},"end":{"line":36,"column":1}},"line":25},"2":{"name":"(anonymous_2)","decl":{"start":{"line":43,"column":20},"end":{"line":43,"column":21}},"loc":{"start":{"line":43,"column":40},"end":{"line":53,"column":1}},"line":43},"3":{"name":"(anonymous_3)","decl":{"start":{"line":60,"column":20},"end":{"line":60,"column":21}},"loc":{"start":{"line":60,"column":40},"end":{"line":71,"column":1}},"line":60},"4":{"name":"(anonymous_4)","decl":{"start":{"line":78,"column":20},"end":{"line":78,"column":21}},"loc":{"start":{"line":78,"column":40},"end":{"line":90,"column":1}},"line":78}},"branchMap":{},"s":{"0":3,"1":3,"2":3,"3":3,"4":1,"5":1,"6":1,"7":1,"8":0,"9":3,"10":1,"11":1,"12":1,"13":1,"14":1,"15":1,"16":0,"17":3,"18":1,"19":1,"20":1,"21":1,"22":1,"23":0,"24":3,"25":0,"26":0,"27":0,"28":0,"29":0,"30":0,"31":3,"32":1,"33":1,"34":1,"35":1,"36":1,"37":1,"38":0,"39":0,"40":3},"f":{"0":1,"1":1,"2":1,"3":0,"4":1},"b":{},"_coverageSchema":"1a1c01bbd47fc00a2c39e90264f33305004495a9","hash":"579cad9acd833061579d2ef327e658bd9fadc419"}
,"C:\\Users\\mauda\\OneDrive\\Documentos\\codemdp\\node\\Proyecto_node\\docs\\swagger.js": {"path":"C:\\Users\\mauda\\OneDrive\\Documentos\\codemdp\\node\\Proyecto_node\\docs\\swagger.js","statementMap":{"0":{"start":{"line":1,"column":19},"end":{"line":1,"column":38}},"1":{"start":{"line":2,"column":21},"end":{"line":2,"column":45}},"2":{"start":{"line":9,"column":26},"end":{"line":114,"column":1}},"3":{"start":{"line":121,"column":16},"end":{"line":124,"column":1}},"4":{"start":{"line":127,"column":29},"end":{"line":127,"column":50}},"5":{"start":{"line":129,"column":0},"end":{"line":129,"column":37}}},"fnMap":{},"branchMap":{},"s":{"0":3,"1":3,"2":3,"3":3,"4":3,"5":3},"f":{},"b":{},"_coverageSchema":"1a1c01bbd47fc00a2c39e90264f33305004495a9","hash":"ddc1604b1fa148ce677b097d31f37f0f228cc85e"}
,"C:\\Users\\mauda\\OneDrive\\Documentos\\codemdp\\node\\Proyecto_node\\middleware\\rol.js": {"path":"C:\\Users\\mauda\\OneDrive\\Documentos\\codemdp\\node\\Proyecto_node\\middleware\\rol.js","statementMap":{"0":{"start":{"line":1,"column":28},"end":{"line":1,"column":59}},"1":{"start":{"line":9,"column":17},"end":{"line":25,"column":1}},"2":{"start":{"line":9,"column":28},"end":{"line":25,"column":1}},"3":{"start":{"line":10,"column":4},"end":{"line":24,"column":5}},"4":{"start":{"line":11,"column":25},"end":{"line":11,"column":28}},"5":{"start":{"line":12,"column":8},"end":{"line":12,"column":27}},"6":{"start":{"line":13,"column":28},"end":{"line":13,"column":37}},"7":{"start":{"line":15,"column":30},"end":{"line":15,"column":88}},"8":{"start":{"line":15,"column":56},"end":{"line":15,"column":87}},"9":{"start":{"line":16,"column":8},"end":{"line":19,"column":9}},"10":{"start":{"line":17,"column":12},"end":{"line":17,"column":60}},"11":{"start":{"line":18,"column":12},"end":{"line":18,"column":18}},"12":{"start":{"line":21,"column":8},"end":{"line":21,"column":15}},"13":{"start":{"line":23,"column":8},"end":{"line":23,"column":63}},"14":{"start":{"line":27,"column":0},"end":{"line":27,"column":26}}},"fnMap":{"0":{"name":"(anonymous_0)","decl":{"start":{"line":9,"column":17},"end":{"line":9,"column":18}},"loc":{"start":{"line":9,"column":28},"end":{"line":25,"column":1}},"line":9},"1":{"name":"(anonymous_1)","decl":{"start":{"line":9,"column":28},"end":{"line":9,"column":29}},"loc":{"start":{"line":9,"column":48},"end":{"line":25,"column":1}},"line":9},"2":{"name":"(anonymous_2)","decl":{"start":{"line":15,"column":41},"end":{"line":15,"column":42}},"loc":{"start":{"line":15,"column":56},"end":{"line":15,"column":87}},"line":15}},"branchMap":{"0":{"loc":{"start":{"line":16,"column":8},"end":{"line":19,"column":9}},"type":"if","locations":[{"start":{"line":16,"column":8},"end":{"line":19,"column":9}},{"start":{},"end":{}}],"line":16}},"s":{"0":3,"1":3,"2":3,"3":1,"4":1,"5":1,"6":1,"7":1,"8":1,"9":1,"10":0,"11":0,"12":1,"13":0,"14":3},"f":{"0":3,"1":1,"2":1},"b":{"0":[0,1]},"_coverageSchema":"1a1c01bbd47fc00a2c39e90264f33305004495a9","hash":"11b1fcb9ea07d6cc5e78a3940939ded0f78f48dd"}
,"C:\\Users\\mauda\\OneDrive\\Documentos\\codemdp\\node\\Proyecto_node\\middleware\\session.js": {"path":"C:\\Users\\mauda\\OneDrive\\Documentos\\codemdp\\node\\Proyecto_node\\middleware\\session.js","statementMap":{"0":{"start":{"line":1,"column":26},"end":{"line":1,"column":57}},"1":{"start":{"line":2,"column":22},"end":{"line":2,"column":51}},"2":{"start":{"line":3,"column":21},"end":{"line":3,"column":41}},"3":{"start":{"line":5,"column":23},"end":{"line":30,"column":1}},"4":{"start":{"line":6,"column":4},"end":{"line":29,"column":5}},"5":{"start":{"line":8,"column":8},"end":{"line":11,"column":9}},"6":{"start":{"line":9,"column":12},"end":{"line":9,"column":78}},"7":{"start":{"line":10,"column":12},"end":{"line":10,"column":18}},"8":{"start":{"line":13,"column":22},"end":{"line":13,"column":64}},"9":{"start":{"line":14,"column":26},"end":{"line":14,"column":50}},"10":{"start":{"line":16,"column":8},"end":{"line":19,"column":9}},"11":{"start":{"line":17,"column":12},"end":{"line":17,"column":55}},"12":{"start":{"line":18,"column":12},"end":{"line":18,"column":18}},"13":{"start":{"line":21,"column":21},"end":{"line":21,"column":61}},"14":{"start":{"line":22,"column":8},"end":{"line":22,"column":23}},"15":{"start":{"line":24,"column":8},"end":{"line":24,"column":14}},"16":{"start":{"line":27,"column":8},"end":{"line":27,"column":22}},"17":{"start":{"line":28,"column":8},"end":{"line":28,"column":54}},"18":{"start":{"line":32,"column":0},"end":{"line":32,"column":32}}},"fnMap":{"0":{"name":"(anonymous_0)","decl":{"start":{"line":5,"column":23},"end":{"line":5,"column":24}},"loc":{"start":{"line":5,"column":49},"end":{"line":30,"column":1}},"line":5}},"branchMap":{"0":{"loc":{"start":{"line":8,"column":8},"end":{"line":11,"column":9}},"type":"if","locations":[{"start":{"line":8,"column":8},"end":{"line":11,"column":9}},{"start":{},"end":{}}],"line":8},"1":{"loc":{"start":{"line":16,"column":8},"end":{"line":19,"column":9}},"type":"if","locations":[{"start":{"line":16,"column":8},"end":{"line":19,"column":9}},{"start":{},"end":{}}],"line":16}},"s":{"0":3,"1":3,"2":3,"3":3,"4":4,"5":4,"6":0,"7":0,"8":4,"9":4,"10":4,"11":0,"12":0,"13":4,"14":4,"15":4,"16":0,"17":0,"18":3},"f":{"0":4},"b":{"0":[0,4],"1":[0,4]},"_coverageSchema":"1a1c01bbd47fc00a2c39e90264f33305004495a9","hash":"4852b8ab6c8857449858dc905873dd2a25d7049d"}
,"C:\\Users\\mauda\\OneDrive\\Documentos\\codemdp\\node\\Proyecto_node\\models\\index.js": {"path":"C:\\Users\\mauda\\OneDrive\\Documentos\\codemdp\\node\\Proyecto_node\\models\\index.js","statementMap":{"0":{"start":{"line":1,"column":15},"end":{"line":5,"column":1}},"1":{"start":{"line":7,"column":0},"end":{"line":7,"column":23}}},"fnMap":{},"branchMap":{},"s":{"0":3,"1":3},"f":{},"b":{},"_coverageSchema":"1a1c01bbd47fc00a2c39e90264f33305004495a9","hash":"4579afcdbba7446e27419d32daa95edfa7fcbd4f"}
,"C:\\Users\\mauda\\OneDrive\\Documentos\\codemdp\\node\\Proyecto_node\\models\\nosql\\storage.js": {"path":"C:\\Users\\mauda\\OneDrive\\Documentos\\codemdp\\node\\Proyecto_node\\models\\nosql\\storage.js","statementMap":{"0":{"start":{"line":1,"column":17},"end":{"line":1,"column":36}},"1":{"start":{"line":2,"column":0},"end":{"line":2,"column":35}},"2":{"start":{"line":3,"column":23},"end":{"line":3,"column":49}},"3":{"start":{"line":6,"column":22},"end":{"line":16,"column":2}},"4":{"start":{"line":19,"column":0},"end":{"line":19,"column":65}},"5":{"start":{"line":20,"column":0},"end":{"line":20,"column":58}}},"fnMap":{},"branchMap":{},"s":{"0":3,"1":3,"2":3,"3":3,"4":3,"5":3},"f":{},"b":{},"_coverageSchema":"1a1c01bbd47fc00a2c39e90264f33305004495a9","hash":"d20ec00963e099eb58f38c73f6000caa79dd7f92"}
,"C:\\Users\\mauda\\OneDrive\\Documentos\\codemdp\\node\\Proyecto_node\\models\\nosql\\tracks.js": {"path":"C:\\Users\\mauda\\OneDrive\\Documentos\\codemdp\\node\\Proyecto_node\\models\\nosql\\tracks.js","statementMap":{"0":{"start":{"line":1,"column":17},"end":{"line":1,"column":36}},"1":{"start":{"line":2,"column":0},"end":{"line":2,"column":35}},"2":{"start":{"line":3,"column":23},"end":{"line":3,"column":49}},"3":{"start":{"line":6,"column":21},"end":{"line":46,"column":2}},"4":{"start":{"line":17,"column":8},"end":{"line":17,"column":20}},"5":{"start":{"line":51,"column":0},"end":{"line":66,"column":2}},"6":{"start":{"line":52,"column":21},"end":{"line":64,"column":6}},"7":{"start":{"line":65,"column":4},"end":{"line":65,"column":19}},"8":{"start":{"line":69,"column":0},"end":{"line":90,"column":2}},"9":{"start":{"line":70,"column":19},"end":{"line":87,"column":4}},"10":{"start":{"line":88,"column":2},"end":{"line":88,"column":17}},"11":{"start":{"line":93,"column":0},"end":{"line":93,"column":64}},"12":{"start":{"line":94,"column":0},"end":{"line":94,"column":56}}},"fnMap":{"0":{"name":"(anonymous_0)","decl":{"start":{"line":16,"column":17},"end":{"line":16,"column":18}},"loc":{"start":{"line":16,"column":26},"end":{"line":18,"column":7}},"line":16},"1":{"name":"(anonymous_1)","decl":{"start":{"line":51,"column":35},"end":{"line":51,"column":36}},"loc":{"start":{"line":51,"column":46},"end":{"line":66,"column":1}},"line":51},"2":{"name":"(anonymous_2)","decl":{"start":{"line":69,"column":35},"end":{"line":69,"column":36}},"loc":{"start":{"line":69,"column":48},"end":{"line":90,"column":1}},"line":69}},"branchMap":{},"s":{"0":3,"1":3,"2":3,"3":3,"4":1,"5":3,"6":1,"7":1,"8":3,"9":1,"10":1,"11":3,"12":3},"f":{"0":1,"1":1,"2":1},"b":{},"_coverageSchema":"1a1c01bbd47fc00a2c39e90264f33305004495a9","hash":"28f96090613dee9c78563b28c0ac734553ec56e9"}
,"C:\\Users\\mauda\\OneDrive\\Documentos\\codemdp\\node\\Proyecto_node\\models\\nosql\\users.js": {"path":"C:\\Users\\mauda\\OneDrive\\Documentos\\codemdp\\node\\Proyecto_node\\models\\nosql\\users.js","statementMap":{"0":{"start":{"line":1,"column":17},"end":{"line":1,"column":36}},"1":{"start":{"line":2,"column":0},"end":{"line":2,"column":35}},"2":{"start":{"line":3,"column":23},"end":{"line":3,"column":49}},"3":{"start":{"line":5,"column":19},"end":{"line":28,"column":2}},"4":{"start":{"line":31,"column":0},"end":{"line":31,"column":62}},"5":{"start":{"line":32,"column":0},"end":{"line":32,"column":53}}},"fnMap":{},"branchMap":{},"s":{"0":3,"1":3,"2":3,"3":3,"4":3,"5":3},"f":{},"b":{},"_coverageSchema":"1a1c01bbd47fc00a2c39e90264f33305004495a9","hash":"65e3882628c76c9049bc78f38cc1f812c9bb449b"}
,"C:\\Users\\mauda\\OneDrive\\Documentos\\codemdp\\node\\Proyecto_node\\routes\\auth.js": {"path":"C:\\Users\\mauda\\OneDrive\\Documentos\\codemdp\\node\\Proyecto_node\\routes\\auth.js","statementMap":{"0":{"start":{"line":1,"column":16},"end":{"line":1,"column":34}},"1":{"start":{"line":2,"column":36},"end":{"line":2,"column":66}},"2":{"start":{"line":3,"column":15},"end":{"line":3,"column":31}},"3":{"start":{"line":4,"column":44},"end":{"line":4,"column":73}},"4":{"start":{"line":28,"column":0},"end":{"line":28,"column":59}},"5":{"start":{"line":56,"column":0},"end":{"line":56,"column":50}},"6":{"start":{"line":58,"column":0},"end":{"line":58,"column":24}}},"fnMap":{},"branchMap":{},"s":{"0":3,"1":3,"2":3,"3":3,"4":3,"5":3,"6":3},"f":{},"b":{},"_coverageSchema":"1a1c01bbd47fc00a2c39e90264f33305004495a9","hash":"b82411f99d2888aec0d523d9d9f2f114d96cb183"}
,"C:\\Users\\mauda\\OneDrive\\Documentos\\codemdp\\node\\Proyecto_node\\routes\\index.js": {"path":"C:\\Users\\mauda\\OneDrive\\Documentos\\codemdp\\node\\Proyecto_node\\routes\\index.js","statementMap":{"0":{"start":{"line":1,"column":16},"end":{"line":1,"column":34}},"1":{"start":{"line":2,"column":11},"end":{"line":2,"column":24}},"2":{"start":{"line":3,"column":15},"end":{"line":3,"column":31}},"3":{"start":{"line":5,"column":20},"end":{"line":5,"column":29}},"4":{"start":{"line":7,"column":24},"end":{"line":10,"column":1}},"5":{"start":{"line":9,"column":4},"end":{"line":9,"column":38}},"6":{"start":{"line":12,"column":0},"end":{"line":18,"column":2}},"7":{"start":{"line":13,"column":17},"end":{"line":13,"column":38}},"8":{"start":{"line":14,"column":4},"end":{"line":17,"column":5}},"9":{"start":{"line":15,"column":8},"end":{"line":15,"column":44}},"10":{"start":{"line":16,"column":8},"end":{"line":16,"column":52}},"11":{"start":{"line":20,"column":0},"end":{"line":20,"column":23}}},"fnMap":{"0":{"name":"(anonymous_0)","decl":{"start":{"line":7,"column":24},"end":{"line":7,"column":25}},"loc":{"start":{"line":7,"column":38},"end":{"line":10,"column":1}},"line":7},"1":{"name":"(anonymous_1)","decl":{"start":{"line":12,"column":35},"end":{"line":12,"column":36}},"loc":{"start":{"line":12,"column":45},"end":{"line":18,"column":1}},"line":12}},"branchMap":{"0":{"loc":{"start":{"line":14,"column":4},"end":{"line":17,"column":5}},"type":"if","locations":[{"start":{"line":14,"column":4},"end":{"line":17,"column":5}},{"start":{},"end":{}}],"line":14}},"s":{"0":3,"1":3,"2":3,"3":3,"4":3,"5":12,"6":3,"7":12,"8":12,"9":9,"10":9,"11":3},"f":{"0":12,"1":12},"b":{"0":[9,3]},"_coverageSchema":"1a1c01bbd47fc00a2c39e90264f33305004495a9","hash":"017c69ac48e3a4bd70a37d4507c1815d0f8803ef"}
,"C:\\Users\\mauda\\OneDrive\\Documentos\\codemdp\\node\\Proyecto_node\\routes\\storage.js": {"path":"C:\\Users\\mauda\\OneDrive\\Documentos\\codemdp\\node\\Proyecto_node\\routes\\storage.js","statementMap":{"0":{"start":{"line":1,"column":15},"end":{"line":1,"column":32}},"1":{"start":{"line":2,"column":16},"end":{"line":2,"column":34}},"2":{"start":{"line":3,"column":15},"end":{"line":3,"column":31}},"3":{"start":{"line":4,"column":25},"end":{"line":4,"column":58}},"4":{"start":{"line":5,"column":29},"end":{"line":5,"column":61}},"5":{"start":{"line":6,"column":56},"end":{"line":6,"column":89}},"6":{"start":{"line":36,"column":0},"end":{"line":36,"column":25}},"7":{"start":{"line":66,"column":0},"end":{"line":66,"column":46}},"8":{"start":{"line":99,"column":0},"end":{"line":99,"column":65}},"9":{"start":{"line":125,"column":0},"end":{"line":125,"column":52}},"10":{"start":{"line":128,"column":0},"end":{"line":128,"column":24}}},"fnMap":{},"branchMap":{},"s":{"0":3,"1":3,"2":3,"3":3,"4":3,"5":3,"6":3,"7":3,"8":3,"9":3,"10":3},"f":{},"b":{},"_coverageSchema":"1a1c01bbd47fc00a2c39e90264f33305004495a9","hash":"60159ac6689a5cf2931d7f62ee15c017cf1eb0d4"}
,"C:\\Users\\mauda\\OneDrive\\Documentos\\codemdp\\node\\Proyecto_node\\routes\\tracks.js": {"path":"C:\\Users\\mauda\\OneDrive\\Documentos\\codemdp\\node\\Proyecto_node\\routes\\tracks.js","statementMap":{"0":{"start":{"line":1,"column":16},"end":{"line":1,"column":34}},"1":{"start":{"line":2,"column":15},"end":{"line":2,"column":31}},"2":{"start":{"line":3,"column":50},"end":{"line":3,"column":81}},"3":{"start":{"line":4,"column":23},"end":{"line":4,"column":55}},"4":{"start":{"line":5,"column":17},"end":{"line":5,"column":45}},"5":{"start":{"line":6,"column":69},"end":{"line":6,"column":101}},"6":{"start":{"line":33,"column":0},"end":{"line":33,"column":42}},"7":{"start":{"line":63,"column":0},"end":{"line":63,"column":62}},"8":{"start":{"line":92,"column":0},"end":{"line":92,"column":88}},"9":{"start":{"line":132,"column":0},"end":{"line":132,"column":87}},"10":{"start":{"line":158,"column":0},"end":{"line":158,"column":69}},"11":{"start":{"line":162,"column":0},"end":{"line":162,"column":23}}},"fnMap":{},"branchMap":{},"s":{"0":3,"1":3,"2":3,"3":3,"4":3,"5":3,"6":3,"7":3,"8":3,"9":3,"10":3,"11":3},"f":{},"b":{},"_coverageSchema":"1a1c01bbd47fc00a2c39e90264f33305004495a9","hash":"a0a51e13f45844b856921744b74a377771a7bc6a"}
,"C:\\Users\\mauda\\OneDrive\\Documentos\\codemdp\\node\\Proyecto_node\\test\\helper\\helperData.js": {"path":"C:\\Users\\mauda\\OneDrive\\Documentos\\codemdp\\node\\Proyecto_node\\test\\helper\\helperData.js","statementMap":{"0":{"start":{"line":1,"column":22},"end":{"line":4,"column":1}},"1":{"start":{"line":6,"column":25},"end":{"line":10,"column":1}},"2":{"start":{"line":12,"column":30},"end":{"line":17,"column":1}},"3":{"start":{"line":19,"column":28},"end":{"line":22,"column":1}},"4":{"start":{"line":24,"column":22},"end":{"line":38,"column":1}},"5":{"start":{"line":41,"column":0},"end":{"line":47,"column":1}}},"fnMap":{},"branchMap":{},"s":{"0":3,"1":3,"2":3,"3":3,"4":3,"5":3},"f":{},"b":{},"_coverageSchema":"1a1c01bbd47fc00a2c39e90264f33305004495a9","hash":"d182c18efffa5c4e6878cdcd7a48379673dc5a01"}
,"C:\\Users\\mauda\\OneDrive\\Documentos\\codemdp\\node\\Proyecto_node\\utils\\handleError.js": {"path":"C:\\Users\\mauda\\OneDrive\\Documentos\\codemdp\\node\\Proyecto_node\\utils\\handleError.js","statementMap":{"0":{"start":{"line":1,"column":24},"end":{"line":4,"column":1}},"1":{"start":{"line":2,"column":4},"end":{"line":2,"column":21}},"2":{"start":{"line":3,"column":4},"end":{"line":3,"column":32}},"3":{"start":{"line":6,"column":0},"end":{"line":6,"column":35}}},"fnMap":{"0":{"name":"(anonymous_0)","decl":{"start":{"line":1,"column":24},"end":{"line":1,"column":25}},"loc":{"start":{"line":1,"column":71},"end":{"line":4,"column":1}},"line":1}},"branchMap":{"0":{"loc":{"start":{"line":1,"column":30},"end":{"line":1,"column":54}},"type":"default-arg","locations":[{"start":{"line":1,"column":40},"end":{"line":1,"column":54}}],"line":1},"1":{"loc":{"start":{"line":1,"column":56},"end":{"line":1,"column":66}},"type":"default-arg","locations":[{"start":{"line":1,"column":63},"end":{"line":1,"column":66}}],"line":1}},"s":{"0":3,"1":2,"2":2,"3":3},"f":{"0":2},"b":{"0":[0],"1":[0]},"_coverageSchema":"1a1c01bbd47fc00a2c39e90264f33305004495a9","hash":"05a945beadedb95f1736d734d8677f671ee4e95d"}
,"C:\\Users\\mauda\\OneDrive\\Documentos\\codemdp\\node\\Proyecto_node\\utils\\handleJWT.js": {"path":"C:\\Users\\mauda\\OneDrive\\Documentos\\codemdp\\node\\Proyecto_node\\utils\\handleJWT.js","statementMap":{"0":{"start":{"line":1,"column":12},"end":{"line":1,"column":35}},"1":{"start":{"line":2,"column":19},"end":{"line":2,"column":41}},"2":{"start":{"line":8,"column":18},"end":{"line":20,"column":1}},"3":{"start":{"line":9,"column":13},"end":{"line":18,"column":1}},"4":{"start":{"line":19,"column":4},"end":{"line":19,"column":15}},"5":{"start":{"line":28,"column":20},"end":{"line":34,"column":1}},"6":{"start":{"line":29,"column":4},"end":{"line":33,"column":5}},"7":{"start":{"line":30,"column":8},"end":{"line":30,"column":47}},"8":{"start":{"line":32,"column":8},"end":{"line":32,"column":19}},"9":{"start":{"line":36,"column":0},"end":{"line":36,"column":41}}},"fnMap":{"0":{"name":"(anonymous_0)","decl":{"start":{"line":8,"column":18},"end":{"line":8,"column":19}},"loc":{"start":{"line":8,"column":28},"end":{"line":20,"column":1}},"line":8},"1":{"name":"(anonymous_1)","decl":{"start":{"line":28,"column":20},"end":{"line":28,"column":21}},"loc":{"start":{"line":28,"column":40},"end":{"line":34,"column":1}},"line":28}},"branchMap":{},"s":{"0":3,"1":3,"2":3,"3":4,"4":4,"5":3,"6":4,"7":4,"8":0,"9":3},"f":{"0":4,"1":4},"b":{},"_coverageSchema":"1a1c01bbd47fc00a2c39e90264f33305004495a9","hash":"39f2d5c7b108bd008109310aee5800a1273f7ad9"}
,"C:\\Users\\mauda\\OneDrive\\Documentos\\codemdp\\node\\Proyecto_node\\utils\\handleLogger.js": {"path":"C:\\Users\\mauda\\OneDrive\\Documentos\\codemdp\\node\\Proyecto_node\\utils\\handleLogger.js","statementMap":{"0":{"start":{"line":1,"column":21},"end":{"line":1,"column":46}},"1":{"start":{"line":2,"column":16},"end":{"line":2,"column":75}},"2":{"start":{"line":4,"column":21},"end":{"line":12,"column":3}},"3":{"start":{"line":6,"column":8},"end":{"line":8,"column":10}},"4":{"start":{"line":9,"column":8},"end":{"line":9,"column":48}},"5":{"start":{"line":14,"column":2},"end":{"line":14,"column":32}}},"fnMap":{"0":{"name":"(anonymous_0)","decl":{"start":{"line":5,"column":11},"end":{"line":5,"column":12}},"loc":{"start":{"line":5,"column":22},"end":{"line":11,"column":5}},"line":5}},"branchMap":{},"s":{"0":3,"1":3,"2":3,"3":8,"4":8,"5":3},"f":{"0":8},"b":{},"_coverageSchema":"1a1c01bbd47fc00a2c39e90264f33305004495a9","hash":"d9895adde7c94680a89a4140fc04e9d37dd80d11"}
,"C:\\Users\\mauda\\OneDrive\\Documentos\\codemdp\\node\\Proyecto_node\\utils\\handlePassword.js": {"path":"C:\\Users\\mauda\\OneDrive\\Documentos\\codemdp\\node\\Proyecto_node\\utils\\handlePassword.js","statementMap":{"0":{"start":{"line":1,"column":15},"end":{"line":1,"column":34}},"1":{"start":{"line":3,"column":19},"end":{"line":3,"column":21}},"2":{"start":{"line":10,"column":24},"end":{"line":13,"column":1}},"3":{"start":{"line":11,"column":15},"end":{"line":11,"column":51}},"4":{"start":{"line":12,"column":2},"end":{"line":12,"column":13}},"5":{"start":{"line":21,"column":24},"end":{"line":24,"column":1}},"6":{"start":{"line":22,"column":18},"end":{"line":22,"column":54}},"7":{"start":{"line":26,"column":0},"end":{"line":26,"column":54}}},"fnMap":{"0":{"name":"(anonymous_0)","decl":{"start":{"line":10,"column":24},"end":{"line":10,"column":25}},"loc":{"start":{"line":10,"column":49},"end":{"line":13,"column":1}},"line":10},"1":{"name":"(anonymous_1)","decl":{"start":{"line":21,"column":24},"end":{"line":21,"column":25}},"loc":{"start":{"line":21,"column":55},"end":{"line":24,"column":1}},"line":21}},"branchMap":{},"s":{"0":3,"1":3,"2":3,"3":1,"4":1,"5":3,"6":0,"7":3},"f":{"0":1,"1":0},"b":{},"_coverageSchema":"1a1c01bbd47fc00a2c39e90264f33305004495a9","hash":"d3d3d6c2d91f4259fef5e4cdeddbbdaf7a9e9dc3"}
,"C:\\Users\\mauda\\OneDrive\\Documentos\\codemdp\\node\\Proyecto_node\\utils\\handleStorage.js": {"path":"C:\\Users\\mauda\\OneDrive\\Documentos\\codemdp\\node\\Proyecto_node\\utils\\handleStorage.js","statementMap":{"0":{"start":{"line":1,"column":15},"end":{"line":1,"column":32}},"1":{"start":{"line":5,"column":16},"end":{"line":17,"column":2}},"2":{"start":{"line":7,"column":28},"end":{"line":7,"column":53}},"3":{"start":{"line":8,"column":8},"end":{"line":8,"column":29}},"4":{"start":{"line":12,"column":20},"end":{"line":12,"column":54}},"5":{"start":{"line":13,"column":25},"end":{"line":13,"column":52}},"6":{"start":{"line":14,"column":8},"end":{"line":14,"column":26}},"7":{"start":{"line":19,"column":25},"end":{"line":19,"column":43}},"8":{"start":{"line":25,"column":0},"end":{"line":25,"column":33}}},"fnMap":{"0":{"name":"(anonymous_0)","decl":{"start":{"line":6,"column":16},"end":{"line":6,"column":17}},"loc":{"start":{"line":6,"column":39},"end":{"line":9,"column":5}},"line":6},"1":{"name":"(anonymous_1)","decl":{"start":{"line":10,"column":13},"end":{"line":10,"column":14}},"loc":{"start":{"line":10,"column":36},"end":{"line":15,"column":5}},"line":10}},"branchMap":{},"s":{"0":3,"1":3,"2":1,"3":1,"4":1,"5":1,"6":1,"7":3,"8":3},"f":{"0":1,"1":1},"b":{},"_coverageSchema":"1a1c01bbd47fc00a2c39e90264f33305004495a9","hash":"654fc8580966b74254a48762d03c1f97fe7c6dac"}
,"C:\\Users\\mauda\\OneDrive\\Documentos\\codemdp\\node\\Proyecto_node\\utils\\handleValidator.js": {"path":"C:\\Users\\mauda\\OneDrive\\Documentos\\codemdp\\node\\Proyecto_node\\utils\\handleValidator.js","statementMap":{"0":{"start":{"line":1,"column":29},"end":{"line":1,"column":57}},"1":{"start":{"line":4,"column":24},"end":{"line":11,"column":3}},"2":{"start":{"line":5,"column":19},"end":{"line":5,"column":40}},"3":{"start":{"line":6,"column":4},"end":{"line":9,"column":5}},"4":{"start":{"line":7,"column":25},"end":{"line":7,"column":39}},"5":{"start":{"line":8,"column":6},"end":{"line":8,"column":58}},"6":{"start":{"line":10,"column":4},"end":{"line":10,"column":18}},"7":{"start":{"line":13,"column":0},"end":{"line":13,"column":32}}},"fnMap":{"0":{"name":"(anonymous_0)","decl":{"start":{"line":4,"column":24},"end":{"line":4,"column":25}},"loc":{"start":{"line":4,"column":44},"end":{"line":11,"column":3}},"line":4}},"branchMap":{"0":{"loc":{"start":{"line":6,"column":4},"end":{"line":9,"column":5}},"type":"if","locations":[{"start":{"line":6,"column":4},"end":{"line":9,"column":5}},{"start":{},"end":{}}],"line":6}},"s":{"0":3,"1":3,"2":9,"3":9,"4":0,"5":0,"6":9,"7":3},"f":{"0":9},"b":{"0":[0,9]},"_coverageSchema":"1a1c01bbd47fc00a2c39e90264f33305004495a9","hash":"029caf032113109cff25b6d3e7858ce31dc05c97"}
,"C:\\Users\\mauda\\OneDrive\\Documentos\\codemdp\\node\\Proyecto_node\\validators\\auth.js": {"path":"C:\\Users\\mauda\\OneDrive\\Documentos\\codemdp\\node\\Proyecto_node\\validators\\auth.js","statementMap":{"0":{"start":{"line":1,"column":18},"end":{"line":1,"column":46}},"1":{"start":{"line":2,"column":24},"end":{"line":2,"column":59}},"2":{"start":{"line":4,"column":26},"end":{"line":27,"column":1}},"3":{"start":{"line":24,"column":6},"end":{"line":24,"column":45}},"4":{"start":{"line":29,"column":23},"end":{"line":44,"column":1}},"5":{"start":{"line":42,"column":4},"end":{"line":42,"column":43}},"6":{"start":{"line":46,"column":0},"end":{"line":46,"column":53}}},"fnMap":{"0":{"name":"(anonymous_0)","decl":{"start":{"line":23,"column":2},"end":{"line":23,"column":3}},"loc":{"start":{"line":23,"column":22},"end":{"line":25,"column":3}},"line":23},"1":{"name":"(anonymous_1)","decl":{"start":{"line":41,"column":2},"end":{"line":41,"column":3}},"loc":{"start":{"line":41,"column":22},"end":{"line":43,"column":3}},"line":41}},"branchMap":{},"s":{"0":3,"1":3,"2":3,"3":1,"4":3,"5":3,"6":3},"f":{"0":1,"1":3},"b":{},"_coverageSchema":"1a1c01bbd47fc00a2c39e90264f33305004495a9","hash":"508808044c5a74a8208e111bc277c635c28bd9b4"}
,"C:\\Users\\mauda\\OneDrive\\Documentos\\codemdp\\node\\Proyecto_node\\validators\\storage.js": {"path":"C:\\Users\\mauda\\OneDrive\\Documentos\\codemdp\\node\\Proyecto_node\\validators\\storage.js","statementMap":{"0":{"start":{"line":1,"column":18},"end":{"line":1,"column":46}},"1":{"start":{"line":2,"column":24},"end":{"line":2,"column":59}},"2":{"start":{"line":4,"column":25},"end":{"line":13,"column":1}},"3":{"start":{"line":10,"column":6},"end":{"line":10,"column":45}},"4":{"start":{"line":15,"column":0},"end":{"line":15,"column":36}}},"fnMap":{"0":{"name":"(anonymous_0)","decl":{"start":{"line":9,"column":2},"end":{"line":9,"column":3}},"loc":{"start":{"line":9,"column":22},"end":{"line":11,"column":3}},"line":9}},"branchMap":{},"s":{"0":3,"1":3,"2":3,"3":2,"4":3},"f":{"0":2},"b":{},"_coverageSchema":"1a1c01bbd47fc00a2c39e90264f33305004495a9","hash":"402387adcd56e0a1097ebb8b30d31687069e95de"}
,"C:\\Users\\mauda\\OneDrive\\Documentos\\codemdp\\node\\Proyecto_node\\validators\\tracks.js": {"path":"C:\\Users\\mauda\\OneDrive\\Documentos\\codemdp\\node\\Proyecto_node\\validators\\tracks.js","statementMap":{"0":{"start":{"line":1,"column":18},"end":{"line":1,"column":46}},"1":{"start":{"line":2,"column":24},"end":{"line":2,"column":59}},"2":{"start":{"line":4,"column":28},"end":{"line":45,"column":1}},"3":{"start":{"line":42,"column":8},"end":{"line":42,"column":47}},"4":{"start":{"line":47,"column":25},"end":{"line":56,"column":1}},"5":{"start":{"line":53,"column":6},"end":{"line":53,"column":45}},"6":{"start":{"line":58,"column":28},"end":{"line":94,"column":1}},"7":{"start":{"line":92,"column":4},"end":{"line":92,"column":43}},"8":{"start":{"line":96,"column":0},"end":{"line":96,"column":78}}},"fnMap":{"0":{"name":"(anonymous_0)","decl":{"start":{"line":41,"column":4},"end":{"line":41,"column":5}},"loc":{"start":{"line":41,"column":24},"end":{"line":43,"column":5}},"line":41},"1":{"name":"(anonymous_1)","decl":{"start":{"line":52,"column":2},"end":{"line":52,"column":3}},"loc":{"start":{"line":52,"column":22},"end":{"line":54,"column":3}},"line":52},"2":{"name":"(anonymous_2)","decl":{"start":{"line":91,"column":2},"end":{"line":91,"column":3}},"loc":{"start":{"line":91,"column":22},"end":{"line":93,"column":3}},"line":91}},"branchMap":{},"s":{"0":3,"1":3,"2":3,"3":1,"4":3,"5":2,"6":3,"7":0,"8":3},"f":{"0":1,"1":2,"2":0},"b":{},"_coverageSchema":"1a1c01bbd47fc00a2c39e90264f33305004495a9","hash":"11c2c3c4ceccd3bc8ee20c954b5d31b710181ef2"}
}
